<?xml version="1.0" encoding="UTF-8"?>
<testsuite xmlns:xsi="http://www.w3.org/2001/XMLSchema-instance" xsi:noNamespaceSchemaLocation="https://maven.apache.org/surefire/maven-surefire-plugin/xsd/surefire-test-report.xsd" name="user.UserCreationParameterizedTest" time="0.788" tests="3" errors="0" skipped="0" failures="0">
  <properties>
[...]
</properties>
  <testcase name="createWrongUserDataTest[0]" classname="user.UserCreationParameterizedTest" time="0.2"/>
  <testcase name="createWrongUserDataTest[1]" classname="user.UserCreationParameterizedTest" time="0.369"/>
  <testcase name="createWrongUserDataTest[2]" classname="user.UserCreationParameterizedTest" time="0.211"/>
</testsuite>